2021-07-19 16:56:39 [restartedMain] [INFO] [org.springframework.boot.SpringApplication:679] [logStartupProfileInfo] - The following profiles are active: dev
2021-07-19 16:56:43 [restartedMain] [INFO] [com.deng.quartz.config.ScheduledTaskConfig:18] [threadPoolTaskScheduler] - 创建定时任务调度线程池 start
2021-07-19 16:56:43 [restartedMain] [INFO] [com.deng.quartz.config.ScheduledTaskConfig:26] [threadPoolTaskScheduler] - 创建定时任务调度线程池 end
2021-07-19 16:56:46 [restartedMain] [INFO] [org.springframework.boot.StartupInfoLogger:59] [logStarted] - Started QuartzApplication in 8.907 seconds (JVM running for 10.454)
2021-07-19 16:56:46 [restartedMain] [INFO] [com.deng.quartz.config.ScheduledTaskRunner:29] [run] -  >>>>>> 项目启动完毕, 开启 => 需要自启的任务 开始!
2021-07-19 16:56:46 [restartedMain] [DEBUG] [org.apache.ibatis.logging.commons.JakartaCommonsLoggingImpl:54] [debug] - ==>  Preparing: SELECT id,task_key AS taskKey,task_name AS taskName,task_cron AS taskCron,task_status AS taskStatus,gmt_created_by AS gmtCreatedBy,gmt_created_on AS gmtCreatedOn,gmt_updated_by AS gmtUpdatedBy,gmt_updated_on AS gmtUpdatedOn,gmt_version AS gmtVersion FROM scheduled WHERE (task_status = ?) 
2021-07-19 16:56:46 [restartedMain] [DEBUG] [org.apache.ibatis.logging.commons.JakartaCommonsLoggingImpl:54] [debug] - ==> Parameters: 1(Integer)
2021-07-19 16:56:46 [restartedMain] [DEBUG] [org.apache.ibatis.logging.commons.JakartaCommonsLoggingImpl:54] [debug] - <==      Total: 0
2021-07-19 16:56:46 [restartedMain] [INFO] [com.deng.quartz.service.impl.ScheduledTaskServiceImpl:182] [initAllTask] - 初始化  ==> 启动所有正常状态的任务开始 ！size=0
2021-07-19 16:56:46 [restartedMain] [INFO] [com.deng.quartz.config.ScheduledTaskRunner:31] [run] -  >>>>>> 项目启动完毕, 开启 => 需要自启的任务 结束！
2021-07-19 16:57:37 [http-nio-9003-exec-1] [DEBUG] [org.apache.ibatis.logging.commons.JakartaCommonsLoggingImpl:54] [debug] - ==>  Preparing: SELECT count(0) FROM scheduled 
2021-07-19 16:57:37 [http-nio-9003-exec-1] [DEBUG] [org.apache.ibatis.logging.commons.JakartaCommonsLoggingImpl:54] [debug] - ==> Parameters: 
2021-07-19 16:57:37 [http-nio-9003-exec-1] [DEBUG] [org.apache.ibatis.logging.commons.JakartaCommonsLoggingImpl:54] [debug] - <==      Total: 1
2021-07-19 16:57:37 [http-nio-9003-exec-1] [DEBUG] [org.apache.ibatis.logging.commons.JakartaCommonsLoggingImpl:54] [debug] - ==>  Preparing: SELECT id,task_key AS taskKey,task_name AS taskName,task_cron AS taskCron,task_status AS taskStatus,gmt_created_by AS gmtCreatedBy,gmt_created_on AS gmtCreatedOn,gmt_updated_by AS gmtUpdatedBy,gmt_updated_on AS gmtUpdatedOn,gmt_version AS gmtVersion FROM scheduled LIMIT ? 
2021-07-19 16:57:37 [http-nio-9003-exec-1] [DEBUG] [org.apache.ibatis.logging.commons.JakartaCommonsLoggingImpl:54] [debug] - ==> Parameters: 9999(Integer)
2021-07-19 16:57:37 [http-nio-9003-exec-1] [DEBUG] [org.apache.ibatis.logging.commons.JakartaCommonsLoggingImpl:54] [debug] - <==      Total: 2
2021-07-19 16:58:13 [http-nio-9003-exec-2] [DEBUG] [org.apache.ibatis.logging.commons.JakartaCommonsLoggingImpl:54] [debug] - ==>  Preparing: SELECT count(0) FROM scheduled 
2021-07-19 16:58:13 [http-nio-9003-exec-2] [DEBUG] [org.apache.ibatis.logging.commons.JakartaCommonsLoggingImpl:54] [debug] - ==> Parameters: 
2021-07-19 16:58:13 [http-nio-9003-exec-2] [DEBUG] [org.apache.ibatis.logging.commons.JakartaCommonsLoggingImpl:54] [debug] - <==      Total: 1
2021-07-19 16:58:13 [http-nio-9003-exec-2] [DEBUG] [org.apache.ibatis.logging.commons.JakartaCommonsLoggingImpl:54] [debug] - ==>  Preparing: SELECT id,task_key AS taskKey,task_name AS taskName,task_cron AS taskCron,task_status AS taskStatus,gmt_created_by AS gmtCreatedBy,gmt_created_on AS gmtCreatedOn,gmt_updated_by AS gmtUpdatedBy,gmt_updated_on AS gmtUpdatedOn,gmt_version AS gmtVersion FROM scheduled LIMIT ? 
2021-07-19 16:58:13 [http-nio-9003-exec-2] [DEBUG] [org.apache.ibatis.logging.commons.JakartaCommonsLoggingImpl:54] [debug] - ==> Parameters: 9999(Integer)
2021-07-19 16:58:13 [http-nio-9003-exec-2] [DEBUG] [org.apache.ibatis.logging.commons.JakartaCommonsLoggingImpl:54] [debug] - <==      Total: 2
2021-07-19 17:52:01 [DiscoveryClient-InstanceInfoReplicator-0] [ERROR] [com.netflix.discovery.shared.transport.decorator.RedirectingEurekaHttpClient:91] [execute] - Request execution error. endpoint=DefaultEndpoint{ serviceUrl='http://localhost:10000/eureka/}
com.sun.jersey.api.client.ClientHandlerException: java.net.ConnectException: Connection refused: connect
	at com.sun.jersey.client.apache4.ApacheHttpClient4Handler.handle(ApacheHttpClient4Handler.java:187)
	at com.sun.jersey.api.client.filter.GZIPContentEncodingFilter.handle(GZIPContentEncodingFilter.java:123)
	at com.netflix.discovery.EurekaIdentityHeaderFilter.handle(EurekaIdentityHeaderFilter.java:27)
	at com.sun.jersey.api.client.Client.handle(Client.java:652)
	at com.sun.jersey.api.client.WebResource.handle(WebResource.java:682)
	at com.sun.jersey.api.client.WebResource.access$200(WebResource.java:74)
	at com.sun.jersey.api.client.WebResource$Builder.post(WebResource.java:570)
	at com.netflix.discovery.shared.transport.jersey.AbstractJerseyEurekaHttpClient.register(AbstractJerseyEurekaHttpClient.java:56)
	at com.netflix.discovery.shared.transport.decorator.EurekaHttpClientDecorator$1.execute(EurekaHttpClientDecorator.java:59)
	at com.netflix.discovery.shared.transport.decorator.MetricsCollectingEurekaHttpClient.execute(MetricsCollectingEurekaHttpClient.java:73)
	at com.netflix.discovery.shared.transport.decorator.EurekaHttpClientDecorator.register(EurekaHttpClientDecorator.java:56)
	at com.netflix.discovery.shared.transport.decorator.EurekaHttpClientDecorator$1.execute(EurekaHttpClientDecorator.java:59)
	at com.netflix.discovery.shared.transport.decorator.RedirectingEurekaHttpClient.execute(RedirectingEurekaHttpClient.java:89)
	at com.netflix.discovery.shared.transport.decorator.EurekaHttpClientDecorator.register(EurekaHttpClientDecorator.java:56)
	at com.netflix.discovery.shared.transport.decorator.EurekaHttpClientDecorator$1.execute(EurekaHttpClientDecorator.java:59)
	at com.netflix.discovery.shared.transport.decorator.RetryableEurekaHttpClient.execute(RetryableEurekaHttpClient.java:120)
	at com.netflix.discovery.shared.transport.decorator.EurekaHttpClientDecorator.register(EurekaHttpClientDecorator.java:56)
	at com.netflix.discovery.shared.transport.decorator.EurekaHttpClientDecorator$1.execute(EurekaHttpClientDecorator.java:59)
	at com.netflix.discovery.shared.transport.decorator.SessionedEurekaHttpClient.execute(SessionedEurekaHttpClient.java:77)
	at com.netflix.discovery.shared.transport.decorator.EurekaHttpClientDecorator.register(EurekaHttpClientDecorator.java:56)
	at com.netflix.discovery.DiscoveryClient.register(DiscoveryClient.java:847)
	at com.netflix.discovery.InstanceInfoReplicator.run(InstanceInfoReplicator.java:121)
	at com.netflix.discovery.InstanceInfoReplicator$1.run(InstanceInfoReplicator.java:101)
	at java.util.concurrent.Executors$RunnableAdapter.call(Executors.java:511)
	at java.util.concurrent.FutureTask.run$$$capture(FutureTask.java:266)
	at java.util.concurrent.FutureTask.run(FutureTask.java)
	at java.util.concurrent.ScheduledThreadPoolExecutor$ScheduledFutureTask.access$201(ScheduledThreadPoolExecutor.java:180)
	at java.util.concurrent.ScheduledThreadPoolExecutor$ScheduledFutureTask.run(ScheduledThreadPoolExecutor.java:293)
	at java.util.concurrent.ThreadPoolExecutor.runWorker(ThreadPoolExecutor.java:1142)
	at java.util.concurrent.ThreadPoolExecutor$Worker.run(ThreadPoolExecutor.java:617)
	at java.lang.Thread.run(Thread.java:745)
Caused by: java.net.ConnectException: Connection refused: connect
	at java.net.DualStackPlainSocketImpl.waitForConnect(Native Method)
	at java.net.DualStackPlainSocketImpl.socketConnect(DualStackPlainSocketImpl.java:85)
	at java.net.AbstractPlainSocketImpl.doConnect(AbstractPlainSocketImpl.java:350)
	at java.net.AbstractPlainSocketImpl.connectToAddress(AbstractPlainSocketImpl.java:206)
	at java.net.AbstractPlainSocketImpl.connect(AbstractPlainSocketImpl.java:188)
	at java.net.PlainSocketImpl.connect(PlainSocketImpl.java:172)
	at java.net.SocksSocketImpl.connect(SocksSocketImpl.java:392)
	at java.net.Socket.connect(Socket.java:589)
	at org.apache.http.conn.scheme.PlainSocketFactory.connectSocket(PlainSocketFactory.java:121)
	at org.apache.http.impl.conn.DefaultClientConnectionOperator.openConnection(DefaultClientConnectionOperator.java:180)
	at org.apache.http.impl.conn.AbstractPoolEntry.open(AbstractPoolEntry.java:144)
	at org.apache.http.impl.conn.AbstractPooledConnAdapter.open(AbstractPooledConnAdapter.java:134)
	at org.apache.http.impl.client.DefaultRequestDirector.tryConnect(DefaultRequestDirector.java:610)
	at org.apache.http.impl.client.DefaultRequestDirector.execute(DefaultRequestDirector.java:445)
	at org.apache.http.impl.client.AbstractHttpClient.doExecute(AbstractHttpClient.java:835)
	at org.apache.http.impl.client.CloseableHttpClient.execute(CloseableHttpClient.java:118)
	at org.apache.http.impl.client.CloseableHttpClient.execute(CloseableHttpClient.java:56)
	at com.sun.jersey.client.apache4.ApacheHttpClient4Handler.handle(ApacheHttpClient4Handler.java:173)
	... 30 common frames omitted
